[      33ms] [WARNING] NG0955: The provided track expression resulted in duplicated keys for a given collection. Adjust the tracking expression such that it uniquely identifies all the items in the collection. Duplicated keys were: 
key "Power BI" at index "4" and "9". Find more at https://v21.angular.dev/errors/NG0955 @ http://localhost:4200/@fs/D:/Optima%20-%20Marca%20Angie/optima/.angular/cache/21.2.7/optima/vite/deps/chunk-J4L7LP2O.js?v=da363575:17652
[      34ms] [WARNING] NG0955: The provided track expression resulted in duplicated keys for a given collection. Adjust the tracking expression such that it uniquely identifies all the items in the collection. Duplicated keys were: 
key "Power BI" at index "4" and "9". Find more at https://v21.angular.dev/errors/NG0955 @ http://localhost:4200/@fs/D:/Optima%20-%20Marca%20Angie/optima/.angular/cache/21.2.7/optima/vite/deps/chunk-J4L7LP2O.js?v=da363575:17652
[      50ms] [WARNING] NG0955: The provided track expression resulted in duplicated keys for a given collection. Adjust the tracking expression such that it uniquely identifies all the items in the collection. Duplicated keys were: 
key "Power BI" at index "4" and "9". Find more at https://v21.angular.dev/errors/NG0955 @ http://localhost:4200/@fs/D:/Optima%20-%20Marca%20Angie/optima/.angular/cache/21.2.7/optima/vite/deps/chunk-J4L7LP2O.js?v=da363575:17652
[      51ms] [WARNING] NG0955: The provided track expression resulted in duplicated keys for a given collection. Adjust the tracking expression such that it uniquely identifies all the items in the collection. Duplicated keys were: 
key "Power BI" at index "4" and "9". Find more at https://v21.angular.dev/errors/NG0955 @ http://localhost:4200/@fs/D:/Optima%20-%20Marca%20Angie/optima/.angular/cache/21.2.7/optima/vite/deps/chunk-J4L7LP2O.js?v=da363575:17652
[      67ms] [WARNING] NG0955: The provided track expression resulted in duplicated keys for a given collection. Adjust the tracking expression such that it uniquely identifies all the items in the collection. Duplicated keys were: 
key "Power BI" at index "4" and "9". Find more at https://v21.angular.dev/errors/NG0955 @ http://localhost:4200/@fs/D:/Optima%20-%20Marca%20Angie/optima/.angular/cache/21.2.7/optima/vite/deps/chunk-J4L7LP2O.js?v=da363575:17652
[      68ms] [WARNING] NG0955: The provided track expression resulted in duplicated keys for a given collection. Adjust the tracking expression such that it uniquely identifies all the items in the collection. Duplicated keys were: 
key "Power BI" at index "4" and "9". Find more at https://v21.angular.dev/errors/NG0955 @ http://localhost:4200/@fs/D:/Optima%20-%20Marca%20Angie/optima/.angular/cache/21.2.7/optima/vite/deps/chunk-J4L7LP2O.js?v=da363575:17652
[      83ms] [WARNING] NG0955: The provided track expression resulted in duplicated keys for a given collection. Adjust the tracking expression such that it uniquely identifies all the items in the collection. Duplicated keys were: 
key "Power BI" at index "4" and "9". Find more at https://v21.angular.dev/errors/NG0955 @ http://localhost:4200/@fs/D:/Optima%20-%20Marca%20Angie/optima/.angular/cache/21.2.7/optima/vite/deps/chunk-J4L7LP2O.js?v=da363575:17652
[      83ms] [WARNING] NG0955: The provided track expression resulted in duplicated keys for a given collection. Adjust the tracking expression such that it uniquely identifies all the items in the collection. Duplicated keys were: 
key "Power BI" at index "4" and "9". Find more at https://v21.angular.dev/errors/NG0955 @ http://localhost:4200/@fs/D:/Optima%20-%20Marca%20Angie/optima/.angular/cache/21.2.7/optima/vite/deps/chunk-J4L7LP2O.js?v=da363575:17652
[     100ms] [WARNING] NG0955: The provided track expression resulted in duplicated keys for a given collection. Adjust the tracking expression such that it uniquely identifies all the items in the collection. Duplicated keys were: 
key "Power BI" at index "4" and "9". Find more at https://v21.angular.dev/errors/NG0955 @ http://localhost:4200/@fs/D:/Optima%20-%20Marca%20Angie/optima/.angular/cache/21.2.7/optima/vite/deps/chunk-J4L7LP2O.js?v=da363575:17652
[     101ms] [WARNING] NG0955: The provided track expression resulted in duplicated keys for a given collection. Adjust the tracking expression such that it uniquely identifies all the items in the collection. Duplicated keys were: 
key "Power BI" at index "4" and "9". Find more at https://v21.angular.dev/errors/NG0955 @ http://localhost:4200/@fs/D:/Optima%20-%20Marca%20Angie/optima/.angular/cache/21.2.7/optima/vite/deps/chunk-J4L7LP2O.js?v=da363575:17652
[     117ms] [WARNING] NG0955: The provided track expression resulted in duplicated keys for a given collection. Adjust the tracking expression such that it uniquely identifies all the items in the collection. Duplicated keys were: 
key "Power BI" at index "4" and "9". Find more at https://v21.angular.dev/errors/NG0955 @ http://localhost:4200/@fs/D:/Optima%20-%20Marca%20Angie/optima/.angular/cache/21.2.7/optima/vite/deps/chunk-J4L7LP2O.js?v=da363575:17652
[     118ms] [WARNING] NG0955: The provided track expression resulted in duplicated keys for a given collection. Adjust the tracking expression such that it uniquely identifies all the items in the collection. Duplicated keys were: 
key "Power BI" at index "4" and "9". Find more at https://v21.angular.dev/errors/NG0955 @ http://localhost:4200/@fs/D:/Optima%20-%20Marca%20Angie/optima/.angular/cache/21.2.7/optima/vite/deps/chunk-J4L7LP2O.js?v=da363575:17652
[     134ms] [WARNING] NG0955: The provided track expression resulted in duplicated keys for a given collection. Adjust the tracking expression such that it uniquely identifies all the items in the collection. Duplicated keys were: 
key "Power BI" at index "4" and "9". Find more at https://v21.angular.dev/errors/NG0955 @ http://localhost:4200/@fs/D:/Optima%20-%20Marca%20Angie/optima/.angular/cache/21.2.7/optima/vite/deps/chunk-J4L7LP2O.js?v=da363575:17652
[     135ms] [WARNING] NG0955: The provided track expression resulted in duplicated keys for a given collection. Adjust the tracking expression such that it uniquely identifies all the items in the collection. Duplicated keys were: 
key "Power BI" at index "4" and "9". Find more at https://v21.angular.dev/errors/NG0955 @ http://localhost:4200/@fs/D:/Optima%20-%20Marca%20Angie/optima/.angular/cache/21.2.7/optima/vite/deps/chunk-J4L7LP2O.js?v=da363575:17652
[     150ms] [WARNING] NG0955: The provided track expression resulted in duplicated keys for a given collection. Adjust the tracking expression such that it uniquely identifies all the items in the collection. Duplicated keys were: 
key "Power BI" at index "4" and "9". Find more at https://v21.angular.dev/errors/NG0955 @ http://localhost:4200/@fs/D:/Optima%20-%20Marca%20Angie/optima/.angular/cache/21.2.7/optima/vite/deps/chunk-J4L7LP2O.js?v=da363575:17652
[     151ms] [WARNING] NG0955: The provided track expression resulted in duplicated keys for a given collection. Adjust the tracking expression such that it uniquely identifies all the items in the collection. Duplicated keys were: 
key "Power BI" at index "4" and "9". Find more at https://v21.angular.dev/errors/NG0955 @ http://localhost:4200/@fs/D:/Optima%20-%20Marca%20Angie/optima/.angular/cache/21.2.7/optima/vite/deps/chunk-J4L7LP2O.js?v=da363575:17652
[     166ms] [WARNING] NG0955: The provided track expression resulted in duplicated keys for a given collection. Adjust the tracking expression such that it uniquely identifies all the items in the collection. Duplicated keys were: 
key "Power BI" at index "4" and "9". Find more at https://v21.angular.dev/errors/NG0955 @ http://localhost:4200/@fs/D:/Optima%20-%20Marca%20Angie/optima/.angular/cache/21.2.7/optima/vite/deps/chunk-J4L7LP2O.js?v=da363575:17652
[     167ms] [WARNING] NG0955: The provided track expression resulted in duplicated keys for a given collection. Adjust the tracking expression such that it uniquely identifies all the items in the collection. Duplicated keys were: 
key "Power BI" at index "4" and "9". Find more at https://v21.angular.dev/errors/NG0955 @ http://localhost:4200/@fs/D:/Optima%20-%20Marca%20Angie/optima/.angular/cache/21.2.7/optima/vite/deps/chunk-J4L7LP2O.js?v=da363575:17652
[     183ms] [WARNING] NG0955: The provided track expression resulted in duplicated keys for a given collection. Adjust the tracking expression such that it uniquely identifies all the items in the collection. Duplicated keys were: 
key "Power BI" at index "4" and "9". Find more at https://v21.angular.dev/errors/NG0955 @ http://localhost:4200/@fs/D:/Optima%20-%20Marca%20Angie/optima/.angular/cache/21.2.7/optima/vite/deps/chunk-J4L7LP2O.js?v=da363575:17652
[     183ms] [WARNING] NG0955: The provided track expression resulted in duplicated keys for a given collection. Adjust the tracking expression such that it uniquely identifies all the items in the collection. Duplicated keys were: 
key "Power BI" at index "4" and "9". Find more at https://v21.angular.dev/errors/NG0955 @ http://localhost:4200/@fs/D:/Optima%20-%20Marca%20Angie/optima/.angular/cache/21.2.7/optima/vite/deps/chunk-J4L7LP2O.js?v=da363575:17652
[     199ms] [WARNING] NG0955: The provided track expression resulted in duplicated keys for a given collection. Adjust the tracking expression such that it uniquely identifies all the items in the collection. Duplicated keys were: 
key "Power BI" at index "4" and "9". Find more at https://v21.angular.dev/errors/NG0955 @ http://localhost:4200/@fs/D:/Optima%20-%20Marca%20Angie/optima/.angular/cache/21.2.7/optima/vite/deps/chunk-J4L7LP2O.js?v=da363575:17652
[     200ms] [WARNING] NG0955: The provided track expression resulted in duplicated keys for a given collection. Adjust the tracking expression such that it uniquely identifies all the items in the collection. Duplicated keys were: 
key "Power BI" at index "4" and "9". Find more at https://v21.angular.dev/errors/NG0955 @ http://localhost:4200/@fs/D:/Optima%20-%20Marca%20Angie/optima/.angular/cache/21.2.7/optima/vite/deps/chunk-J4L7LP2O.js?v=da363575:17652
[     216ms] [WARNING] NG0955: The provided track expression resulted in duplicated keys for a given collection. Adjust the tracking expression such that it uniquely identifies all the items in the collection. Duplicated keys were: 
key "Power BI" at index "4" and "9". Find more at https://v21.angular.dev/errors/NG0955 @ http://localhost:4200/@fs/D:/Optima%20-%20Marca%20Angie/optima/.angular/cache/21.2.7/optima/vite/deps/chunk-J4L7LP2O.js?v=da363575:17652
[     217ms] [WARNING] NG0955: The provided track expression resulted in duplicated keys for a given collection. Adjust the tracking expression such that it uniquely identifies all the items in the collection. Duplicated keys were: 
key "Power BI" at index "4" and "9". Find more at https://v21.angular.dev/errors/NG0955 @ http://localhost:4200/@fs/D:/Optima%20-%20Marca%20Angie/optima/.angular/cache/21.2.7/optima/vite/deps/chunk-J4L7LP2O.js?v=da363575:17652
[     233ms] [WARNING] NG0955: The provided track expression resulted in duplicated keys for a given collection. Adjust the tracking expression such that it uniquely identifies all the items in the collection. Duplicated keys were: 
key "Power BI" at index "4" and "9". Find more at https://v21.angular.dev/errors/NG0955 @ http://localhost:4200/@fs/D:/Optima%20-%20Marca%20Angie/optima/.angular/cache/21.2.7/optima/vite/deps/chunk-J4L7LP2O.js?v=da363575:17652
[     233ms] [WARNING] NG0955: The provided track expression resulted in duplicated keys for a given collection. Adjust the tracking expression such that it uniquely identifies all the items in the collection. Duplicated keys were: 
key "Power BI" at index "4" and "9". Find more at https://v21.angular.dev/errors/NG0955 @ http://localhost:4200/@fs/D:/Optima%20-%20Marca%20Angie/optima/.angular/cache/21.2.7/optima/vite/deps/chunk-J4L7LP2O.js?v=da363575:17652
[     250ms] [WARNING] NG0955: The provided track expression resulted in duplicated keys for a given collection. Adjust the tracking expression such that it uniquely identifies all the items in the collection. Duplicated keys were: 
key "Power BI" at index "4" and "9". Find more at https://v21.angular.dev/errors/NG0955 @ http://localhost:4200/@fs/D:/Optima%20-%20Marca%20Angie/optima/.angular/cache/21.2.7/optima/vite/deps/chunk-J4L7LP2O.js?v=da363575:17652
[     251ms] [WARNING] NG0955: The provided track expression resulted in duplicated keys for a given collection. Adjust the tracking expression such that it uniquely identifies all the items in the collection. Duplicated keys were: 
key "Power BI" at index "4" and "9". Find more at https://v21.angular.dev/errors/NG0955 @ http://localhost:4200/@fs/D:/Optima%20-%20Marca%20Angie/optima/.angular/cache/21.2.7/optima/vite/deps/chunk-J4L7LP2O.js?v=da363575:17652
[     266ms] [WARNING] NG0955: The provided track expression resulted in duplicated keys for a given collection. Adjust the tracking expression such that it uniquely identifies all the items in the collection. Duplicated keys were: 
key "Power BI" at index "4" and "9". Find more at https://v21.angular.dev/errors/NG0955 @ http://localhost:4200/@fs/D:/Optima%20-%20Marca%20Angie/optima/.angular/cache/21.2.7/optima/vite/deps/chunk-J4L7LP2O.js?v=da363575:17652
[     267ms] [WARNING] NG0955: The provided track expression resulted in duplicated keys for a given collection. Adjust the tracking expression such that it uniquely identifies all the items in the collection. Duplicated keys were: 
key "Power BI" at index "4" and "9". Find more at https://v21.angular.dev/errors/NG0955 @ http://localhost:4200/@fs/D:/Optima%20-%20Marca%20Angie/optima/.angular/cache/21.2.7/optima/vite/deps/chunk-J4L7LP2O.js?v=da363575:17652
[     283ms] [WARNING] NG0955: The provided track expression resulted in duplicated keys for a given collection. Adjust the tracking expression such that it uniquely identifies all the items in the collection. Duplicated keys were: 
key "Power BI" at index "4" and "9". Find more at https://v21.angular.dev/errors/NG0955 @ http://localhost:4200/@fs/D:/Optima%20-%20Marca%20Angie/optima/.angular/cache/21.2.7/optima/vite/deps/chunk-J4L7LP2O.js?v=da363575:17652
[     283ms] [WARNING] NG0955: The provided track expression resulted in duplicated keys for a given collection. Adjust the tracking expression such that it uniquely identifies all the items in the collection. Duplicated keys were: 
key "Power BI" at index "4" and "9". Find more at https://v21.angular.dev/errors/NG0955 @ http://localhost:4200/@fs/D:/Optima%20-%20Marca%20Angie/optima/.angular/cache/21.2.7/optima/vite/deps/chunk-J4L7LP2O.js?v=da363575:17652
[     300ms] [WARNING] NG0955: The provided track expression resulted in duplicated keys for a given collection. Adjust the tracking expression such that it uniquely identifies all the items in the collection. Duplicated keys were: 
key "Power BI" at index "4" and "9". Find more at https://v21.angular.dev/errors/NG0955 @ http://localhost:4200/@fs/D:/Optima%20-%20Marca%20Angie/optima/.angular/cache/21.2.7/optima/vite/deps/chunk-J4L7LP2O.js?v=da363575:17652
[     300ms] [WARNING] NG0955: The provided track expression resulted in duplicated keys for a given collection. Adjust the tracking expression such that it uniquely identifies all the items in the collection. Duplicated keys were: 
key "Power BI" at index "4" and "9". Find more at https://v21.angular.dev/errors/NG0955 @ http://localhost:4200/@fs/D:/Optima%20-%20Marca%20Angie/optima/.angular/cache/21.2.7/optima/vite/deps/chunk-J4L7LP2O.js?v=da363575:17652
[     317ms] [WARNING] NG0955: The provided track expression resulted in duplicated keys for a given collection. Adjust the tracking expression such that it uniquely identifies all the items in the collection. Duplicated keys were: 
key "Power BI" at index "4" and "9". Find more at https://v21.angular.dev/errors/NG0955 @ http://localhost:4200/@fs/D:/Optima%20-%20Marca%20Angie/optima/.angular/cache/21.2.7/optima/vite/deps/chunk-J4L7LP2O.js?v=da363575:17652
[     317ms] [WARNING] NG0955: The provided track expression resulted in duplicated keys for a given collection. Adjust the tracking expression such that it uniquely identifies all the items in the collection. Duplicated keys were: 
key "Power BI" at index "4" and "9". Find more at https://v21.angular.dev/errors/NG0955 @ http://localhost:4200/@fs/D:/Optima%20-%20Marca%20Angie/optima/.angular/cache/21.2.7/optima/vite/deps/chunk-J4L7LP2O.js?v=da363575:17652
[     333ms] [WARNING] NG0955: The provided track expression resulted in duplicated keys for a given collection. Adjust the tracking expression such that it uniquely identifies all the items in the collection. Duplicated keys were: 
key "Power BI" at index "4" and "9". Find more at https://v21.angular.dev/errors/NG0955 @ http://localhost:4200/@fs/D:/Optima%20-%20Marca%20Angie/optima/.angular/cache/21.2.7/optima/vite/deps/chunk-J4L7LP2O.js?v=da363575:17652
[     334ms] [WARNING] NG0955: The provided track expression resulted in duplicated keys for a given collection. Adjust the tracking expression such that it uniquely identifies all the items in the collection. Duplicated keys were: 
key "Power BI" at index "4" and "9". Find more at https://v21.angular.dev/errors/NG0955 @ http://localhost:4200/@fs/D:/Optima%20-%20Marca%20Angie/optima/.angular/cache/21.2.7/optima/vite/deps/chunk-J4L7LP2O.js?v=da363575:17652
[     350ms] [WARNING] NG0955: The provided track expression resulted in duplicated keys for a given collection. Adjust the tracking expression such that it uniquely identifies all the items in the collection. Duplicated keys were: 
key "Power BI" at index "4" and "9". Find more at https://v21.angular.dev/errors/NG0955 @ http://localhost:4200/@fs/D:/Optima%20-%20Marca%20Angie/optima/.angular/cache/21.2.7/optima/vite/deps/chunk-J4L7LP2O.js?v=da363575:17652
[     350ms] [WARNING] NG0955: The provided track expression resulted in duplicated keys for a given collection. Adjust the tracking expression such that it uniquely identifies all the items in the collection. Duplicated keys were: 
key "Power BI" at index "4" and "9". Find more at https://v21.angular.dev/errors/NG0955 @ http://localhost:4200/@fs/D:/Optima%20-%20Marca%20Angie/optima/.angular/cache/21.2.7/optima/vite/deps/chunk-J4L7LP2O.js?v=da363575:17652
[     367ms] [WARNING] NG0955: The provided track expression resulted in duplicated keys for a given collection. Adjust the tracking expression such that it uniquely identifies all the items in the collection. Duplicated keys were: 
key "Power BI" at index "4" and "9". Find more at https://v21.angular.dev/errors/NG0955 @ http://localhost:4200/@fs/D:/Optima%20-%20Marca%20Angie/optima/.angular/cache/21.2.7/optima/vite/deps/chunk-J4L7LP2O.js?v=da363575:17652
[     367ms] [WARNING] NG0955: The provided track expression resulted in duplicated keys for a given collection. Adjust the tracking expression such that it uniquely identifies all the items in the collection. Duplicated keys were: 
key "Power BI" at index "4" and "9". Find more at https://v21.angular.dev/errors/NG0955 @ http://localhost:4200/@fs/D:/Optima%20-%20Marca%20Angie/optima/.angular/cache/21.2.7/optima/vite/deps/chunk-J4L7LP2O.js?v=da363575:17652
[     383ms] [WARNING] NG0955: The provided track expression resulted in duplicated keys for a given collection. Adjust the tracking expression such that it uniquely identifies all the items in the collection. Duplicated keys were: 
key "Power BI" at index "4" and "9". Find more at https://v21.angular.dev/errors/NG0955 @ http://localhost:4200/@fs/D:/Optima%20-%20Marca%20Angie/optima/.angular/cache/21.2.7/optima/vite/deps/chunk-J4L7LP2O.js?v=da363575:17652
[     383ms] [WARNING] NG0955: The provided track expression resulted in duplicated keys for a given collection. Adjust the tracking expression such that it uniquely identifies all the items in the collection. Duplicated keys were: 
key "Power BI" at index "4" and "9". Find more at https://v21.angular.dev/errors/NG0955 @ http://localhost:4200/@fs/D:/Optima%20-%20Marca%20Angie/optima/.angular/cache/21.2.7/optima/vite/deps/chunk-J4L7LP2O.js?v=da363575:17652
[     400ms] [WARNING] NG0955: The provided track expression resulted in duplicated keys for a given collection. Adjust the tracking expression such that it uniquely identifies all the items in the collection. Duplicated keys were: 
key "Power BI" at index "4" and "9". Find more at https://v21.angular.dev/errors/NG0955 @ http://localhost:4200/@fs/D:/Optima%20-%20Marca%20Angie/optima/.angular/cache/21.2.7/optima/vite/deps/chunk-J4L7LP2O.js?v=da363575:17652
[     401ms] [WARNING] NG0955: The provided track expression resulted in duplicated keys for a given collection. Adjust the tracking expression such that it uniquely identifies all the items in the collection. Duplicated keys were: 
key "Power BI" at index "4" and "9". Find more at https://v21.angular.dev/errors/NG0955 @ http://localhost:4200/@fs/D:/Optima%20-%20Marca%20Angie/optima/.angular/cache/21.2.7/optima/vite/deps/chunk-J4L7LP2O.js?v=da363575:17652
[     417ms] [WARNING] NG0955: The provided track expression resulted in duplicated keys for a given collection. Adjust the tracking expression such that it uniquely identifies all the items in the collection. Duplicated keys were: 
key "Power BI" at index "4" and "9". Find more at https://v21.angular.dev/errors/NG0955 @ http://localhost:4200/@fs/D:/Optima%20-%20Marca%20Angie/optima/.angular/cache/21.2.7/optima/vite/deps/chunk-J4L7LP2O.js?v=da363575:17652
[     417ms] [WARNING] NG0955: The provided track expression resulted in duplicated keys for a given collection. Adjust the tracking expression such that it uniquely identifies all the items in the collection. Duplicated keys were: 
key "Power BI" at index "4" and "9". Find more at https://v21.angular.dev/errors/NG0955 @ http://localhost:4200/@fs/D:/Optima%20-%20Marca%20Angie/optima/.angular/cache/21.2.7/optima/vite/deps/chunk-J4L7LP2O.js?v=da363575:17652
[     433ms] [WARNING] NG0955: The provided track expression resulted in duplicated keys for a given collection. Adjust the tracking expression such that it uniquely identifies all the items in the collection. Duplicated keys were: 
key "Power BI" at index "4" and "9". Find more at https://v21.angular.dev/errors/NG0955 @ http://localhost:4200/@fs/D:/Optima%20-%20Marca%20Angie/optima/.angular/cache/21.2.7/optima/vite/deps/chunk-J4L7LP2O.js?v=da363575:17652
[     434ms] [WARNING] NG0955: The provided track expression resulted in duplicated keys for a given collection. Adjust the tracking expression such that it uniquely identifies all the items in the collection. Duplicated keys were: 
key "Power BI" at index "4" and "9". Find more at https://v21.angular.dev/errors/NG0955 @ http://localhost:4200/@fs/D:/Optima%20-%20Marca%20Angie/optima/.angular/cache/21.2.7/optima/vite/deps/chunk-J4L7LP2O.js?v=da363575:17652
[     450ms] [WARNING] NG0955: The provided track expression resulted in duplicated keys for a given collection. Adjust the tracking expression such that it uniquely identifies all the items in the collection. Duplicated keys were: 
key "Power BI" at index "4" and "9". Find more at https://v21.angular.dev/errors/NG0955 @ http://localhost:4200/@fs/D:/Optima%20-%20Marca%20Angie/optima/.angular/cache/21.2.7/optima/vite/deps/chunk-J4L7LP2O.js?v=da363575:17652
[     450ms] [WARNING] NG0955: The provided track expression resulted in duplicated keys for a given collection. Adjust the tracking expression such that it uniquely identifies all the items in the collection. Duplicated keys were: 
key "Power BI" at index "4" and "9". Find more at https://v21.angular.dev/errors/NG0955 @ http://localhost:4200/@fs/D:/Optima%20-%20Marca%20Angie/optima/.angular/cache/21.2.7/optima/vite/deps/chunk-J4L7LP2O.js?v=da363575:17652
[     466ms] [WARNING] NG0955: The provided track expression resulted in duplicated keys for a given collection. Adjust the tracking expression such that it uniquely identifies all the items in the collection. Duplicated keys were: 
key "Power BI" at index "4" and "9". Find more at https://v21.angular.dev/errors/NG0955 @ http://localhost:4200/@fs/D:/Optima%20-%20Marca%20Angie/optima/.angular/cache/21.2.7/optima/vite/deps/chunk-J4L7LP2O.js?v=da363575:17652
[     467ms] [WARNING] NG0955: The provided track expression resulted in duplicated keys for a given collection. Adjust the tracking expression such that it uniquely identifies all the items in the collection. Duplicated keys were: 
key "Power BI" at index "4" and "9". Find more at https://v21.angular.dev/errors/NG0955 @ http://localhost:4200/@fs/D:/Optima%20-%20Marca%20Angie/optima/.angular/cache/21.2.7/optima/vite/deps/chunk-J4L7LP2O.js?v=da363575:17652
[     483ms] [WARNING] NG0955: The provided track expression resulted in duplicated keys for a given collection. Adjust the tracking expression such that it uniquely identifies all the items in the collection. Duplicated keys were: 
key "Power BI" at index "4" and "9". Find more at https://v21.angular.dev/errors/NG0955 @ http://localhost:4200/@fs/D:/Optima%20-%20Marca%20Angie/optima/.angular/cache/21.2.7/optima/vite/deps/chunk-J4L7LP2O.js?v=da363575:17652
[     484ms] [WARNING] NG0955: The provided track expression resulted in duplicated keys for a given collection. Adjust the tracking expression such that it uniquely identifies all the items in the collection. Duplicated keys were: 
key "Power BI" at index "4" and "9". Find more at https://v21.angular.dev/errors/NG0955 @ http://localhost:4200/@fs/D:/Optima%20-%20Marca%20Angie/optima/.angular/cache/21.2.7/optima/vite/deps/chunk-J4L7LP2O.js?v=da363575:17652
[     500ms] [WARNING] NG0955: The provided track expression resulted in duplicated keys for a given collection. Adjust the tracking expression such that it uniquely identifies all the items in the collection. Duplicated keys were: 
key "Power BI" at index "4" and "9". Find more at https://v21.angular.dev/errors/NG0955 @ http://localhost:4200/@fs/D:/Optima%20-%20Marca%20Angie/optima/.angular/cache/21.2.7/optima/vite/deps/chunk-J4L7LP2O.js?v=da363575:17652
[     500ms] [WARNING] NG0955: The provided track expression resulted in duplicated keys for a given collection. Adjust the tracking expression such that it uniquely identifies all the items in the collection. Duplicated keys were: 
key "Power BI" at index "4" and "9". Find more at https://v21.angular.dev/errors/NG0955 @ http://localhost:4200/@fs/D:/Optima%20-%20Marca%20Angie/optima/.angular/cache/21.2.7/optima/vite/deps/chunk-J4L7LP2O.js?v=da363575:17652
[     516ms] [WARNING] NG0955: The provided track expression resulted in duplicated keys for a given collection. Adjust the tracking expression such that it uniquely identifies all the items in the collection. Duplicated keys were: 
key "Power BI" at index "4" and "9". Find more at https://v21.angular.dev/errors/NG0955 @ http://localhost:4200/@fs/D:/Optima%20-%20Marca%20Angie/optima/.angular/cache/21.2.7/optima/vite/deps/chunk-J4L7LP2O.js?v=da363575:17652
[     517ms] [WARNING] NG0955: The provided track expression resulted in duplicated keys for a given collection. Adjust the tracking expression such that it uniquely identifies all the items in the collection. Duplicated keys were: 
key "Power BI" at index "4" and "9". Find more at https://v21.angular.dev/errors/NG0955 @ http://localhost:4200/@fs/D:/Optima%20-%20Marca%20Angie/optima/.angular/cache/21.2.7/optima/vite/deps/chunk-J4L7LP2O.js?v=da363575:17652
[     533ms] [WARNING] NG0955: The provided track expression resulted in duplicated keys for a given collection. Adjust the tracking expression such that it uniquely identifies all the items in the collection. Duplicated keys were: 
key "Power BI" at index "4" and "9". Find more at https://v21.angular.dev/errors/NG0955 @ http://localhost:4200/@fs/D:/Optima%20-%20Marca%20Angie/optima/.angular/cache/21.2.7/optima/vite/deps/chunk-J4L7LP2O.js?v=da363575:17652
[     533ms] [WARNING] NG0955: The provided track expression resulted in duplicated keys for a given collection. Adjust the tracking expression such that it uniquely identifies all the items in the collection. Duplicated keys were: 
key "Power BI" at index "4" and "9". Find more at https://v21.angular.dev/errors/NG0955 @ http://localhost:4200/@fs/D:/Optima%20-%20Marca%20Angie/optima/.angular/cache/21.2.7/optima/vite/deps/chunk-J4L7LP2O.js?v=da363575:17652
[     550ms] [WARNING] NG0955: The provided track expression resulted in duplicated keys for a given collection. Adjust the tracking expression such that it uniquely identifies all the items in the collection. Duplicated keys were: 
key "Power BI" at index "4" and "9". Find more at https://v21.angular.dev/errors/NG0955 @ http://localhost:4200/@fs/D:/Optima%20-%20Marca%20Angie/optima/.angular/cache/21.2.7/optima/vite/deps/chunk-J4L7LP2O.js?v=da363575:17652
[     550ms] [WARNING] NG0955: The provided track expression resulted in duplicated keys for a given collection. Adjust the tracking expression such that it uniquely identifies all the items in the collection. Duplicated keys were: 
key "Power BI" at index "4" and "9". Find more at https://v21.angular.dev/errors/NG0955 @ http://localhost:4200/@fs/D:/Optima%20-%20Marca%20Angie/optima/.angular/cache/21.2.7/optima/vite/deps/chunk-J4L7LP2O.js?v=da363575:17652
[     566ms] [WARNING] NG0955: The provided track expression resulted in duplicated keys for a given collection. Adjust the tracking expression such that it uniquely identifies all the items in the collection. Duplicated keys were: 
key "Power BI" at index "4" and "9". Find more at https://v21.angular.dev/errors/NG0955 @ http://localhost:4200/@fs/D:/Optima%20-%20Marca%20Angie/optima/.angular/cache/21.2.7/optima/vite/deps/chunk-J4L7LP2O.js?v=da363575:17652
[     567ms] [WARNING] NG0955: The provided track expression resulted in duplicated keys for a given collection. Adjust the tracking expression such that it uniquely identifies all the items in the collection. Duplicated keys were: 
key "Power BI" at index "4" and "9". Find more at https://v21.angular.dev/errors/NG0955 @ http://localhost:4200/@fs/D:/Optima%20-%20Marca%20Angie/optima/.angular/cache/21.2.7/optima/vite/deps/chunk-J4L7LP2O.js?v=da363575:17652
[  234515ms] [WARNING] NG0955: The provided track expression resulted in duplicated keys for a given collection. Adjust the tracking expression such that it uniquely identifies all the items in the collection. Duplicated keys were: 
key "Power BI" at index "4" and "9". Find more at https://v21.angular.dev/errors/NG0955 @ http://localhost:4200/@fs/D:/Optima%20-%20Marca%20Angie/optima/.angular/cache/21.2.7/optima/vite/deps/chunk-J4L7LP2O.js?v=da363575:17652
[  234523ms] [WARNING] NG0955: The provided track expression resulted in duplicated keys for a given collection. Adjust the tracking expression such that it uniquely identifies all the items in the collection. Duplicated keys were: 
key "Power BI" at index "4" and "9". Find more at https://v21.angular.dev/errors/NG0955 @ http://localhost:4200/@fs/D:/Optima%20-%20Marca%20Angie/optima/.angular/cache/21.2.7/optima/vite/deps/chunk-J4L7LP2O.js?v=da363575:17652
[  234524ms] [WARNING] NG0955: The provided track expression resulted in duplicated keys for a given collection. Adjust the tracking expression such that it uniquely identifies all the items in the collection. Duplicated keys were: 
key "Power BI" at index "4" and "9". Find more at https://v21.angular.dev/errors/NG0955 @ http://localhost:4200/@fs/D:/Optima%20-%20Marca%20Angie/optima/.angular/cache/21.2.7/optima/vite/deps/chunk-J4L7LP2O.js?v=da363575:17652
[  261307ms] [WARNING] NG0955: The provided track expression resulted in duplicated keys for a given collection. Adjust the tracking expression such that it uniquely identifies all the items in the collection. Duplicated keys were: 
key "Power BI" at index "4" and "9". Find more at https://v21.angular.dev/errors/NG0955 @ http://localhost:4200/@fs/D:/Optima%20-%20Marca%20Angie/optima/.angular/cache/21.2.7/optima/vite/deps/chunk-J4L7LP2O.js?v=da363575:17652
[  261315ms] [WARNING] NG0955: The provided track expression resulted in duplicated keys for a given collection. Adjust the tracking expression such that it uniquely identifies all the items in the collection. Duplicated keys were: 
key "Power BI" at index "4" and "9". Find more at https://v21.angular.dev/errors/NG0955 @ http://localhost:4200/@fs/D:/Optima%20-%20Marca%20Angie/optima/.angular/cache/21.2.7/optima/vite/deps/chunk-J4L7LP2O.js?v=da363575:17652
[  261337ms] [WARNING] NG0955: The provided track expression resulted in duplicated keys for a given collection. Adjust the tracking expression such that it uniquely identifies all the items in the collection. Duplicated keys were: 
key "Power BI" at index "4" and "9". Find more at https://v21.angular.dev/errors/NG0955 @ http://localhost:4200/@fs/D:/Optima%20-%20Marca%20Angie/optima/.angular/cache/21.2.7/optima/vite/deps/chunk-J4L7LP2O.js?v=da363575:17652
[  418251ms] [WARNING] NG0955: The provided track expression resulted in duplicated keys for a given collection. Adjust the tracking expression such that it uniquely identifies all the items in the collection. Duplicated keys were: 
key "Power BI" at index "4" and "9". Find more at https://v21.angular.dev/errors/NG0955 @ http://localhost:4200/@fs/D:/Optima%20-%20Marca%20Angie/optima/.angular/cache/21.2.7/optima/vite/deps/chunk-J4L7LP2O.js?v=da363575:17652
[  418254ms] [WARNING] NG0955: The provided track expression resulted in duplicated keys for a given collection. Adjust the tracking expression such that it uniquely identifies all the items in the collection. Duplicated keys were: 
key "Power BI" at index "4" and "9". Find more at https://v21.angular.dev/errors/NG0955 @ http://localhost:4200/@fs/D:/Optima%20-%20Marca%20Angie/optima/.angular/cache/21.2.7/optima/vite/deps/chunk-J4L7LP2O.js?v=da363575:17652
[  450317ms] [WARNING] NG0955: The provided track expression resulted in duplicated keys for a given collection. Adjust the tracking expression such that it uniquely identifies all the items in the collection. Duplicated keys were: 
key "Power BI" at index "4" and "9". Find more at https://v21.angular.dev/errors/NG0955 @ http://localhost:4200/@fs/D:/Optima%20-%20Marca%20Angie/optima/.angular/cache/21.2.7/optima/vite/deps/chunk-J4L7LP2O.js?v=da363575:17652
[  450317ms] [WARNING] NG0955: The provided track expression resulted in duplicated keys for a given collection. Adjust the tracking expression such that it uniquely identifies all the items in the collection. Duplicated keys were: 
key "Power BI" at index "4" and "9". Find more at https://v21.angular.dev/errors/NG0955 @ http://localhost:4200/@fs/D:/Optima%20-%20Marca%20Angie/optima/.angular/cache/21.2.7/optima/vite/deps/chunk-J4L7LP2O.js?v=da363575:17652
[  450322ms] [WARNING] NG0955: The provided track expression resulted in duplicated keys for a given collection. Adjust the tracking expression such that it uniquely identifies all the items in the collection. Duplicated keys were: 
key "Power BI" at index "4" and "9". Find more at https://v21.angular.dev/errors/NG0955 @ http://localhost:4200/@fs/D:/Optima%20-%20Marca%20Angie/optima/.angular/cache/21.2.7/optima/vite/deps/chunk-J4L7LP2O.js?v=da363575:17652
[  499854ms] [WARNING] NG0955: The provided track expression resulted in duplicated keys for a given collection. Adjust the tracking expression such that it uniquely identifies all the items in the collection. Duplicated keys were: 
key "Power BI" at index "4" and "9". Find more at https://v21.angular.dev/errors/NG0955 @ http://localhost:4200/@fs/D:/Optima%20-%20Marca%20Angie/optima/.angular/cache/21.2.7/optima/vite/deps/chunk-J4L7LP2O.js?v=da363575:17652
[  499854ms] [WARNING] NG0955: The provided track expression resulted in duplicated keys for a given collection. Adjust the tracking expression such that it uniquely identifies all the items in the collection. Duplicated keys were: 
key "Power BI" at index "4" and "9". Find more at https://v21.angular.dev/errors/NG0955 @ http://localhost:4200/@fs/D:/Optima%20-%20Marca%20Angie/optima/.angular/cache/21.2.7/optima/vite/deps/chunk-J4L7LP2O.js?v=da363575:17652
[  499902ms] [WARNING] NG0955: The provided track expression resulted in duplicated keys for a given collection. Adjust the tracking expression such that it uniquely identifies all the items in the collection. Duplicated keys were: 
key "Power BI" at index "4" and "9". Find more at https://v21.angular.dev/errors/NG0955 @ http://localhost:4200/@fs/D:/Optima%20-%20Marca%20Angie/optima/.angular/cache/21.2.7/optima/vite/deps/chunk-J4L7LP2O.js?v=da363575:17652
[  710067ms] [WARNING] NG0955: The provided track expression resulted in duplicated keys for a given collection. Adjust the tracking expression such that it uniquely identifies all the items in the collection. Duplicated keys were: 
key "Power BI" at index "4" and "9". Find more at https://v21.angular.dev/errors/NG0955 @ http://localhost:4200/@fs/D:/Optima%20-%20Marca%20Angie/optima/.angular/cache/21.2.7/optima/vite/deps/chunk-J4L7LP2O.js?v=da363575:17652
[  820229ms] [WARNING] NG0955: The provided track expression resulted in duplicated keys for a given collection. Adjust the tracking expression such that it uniquely identifies all the items in the collection. Duplicated keys were: 
key "Power BI" at index "4" and "9". Find more at https://v21.angular.dev/errors/NG0955 @ http://localhost:4200/@fs/D:/Optima%20-%20Marca%20Angie/optima/.angular/cache/21.2.7/optima/vite/deps/chunk-J4L7LP2O.js?v=da363575:17652
[ 1183547ms] [WARNING] NG0955: The provided track expression resulted in duplicated keys for a given collection. Adjust the tracking expression such that it uniquely identifies all the items in the collection. Duplicated keys were: 
key "Power BI" at index "4" and "9". Find more at https://v21.angular.dev/errors/NG0955 @ http://localhost:4200/@fs/D:/Optima%20-%20Marca%20Angie/optima/.angular/cache/21.2.7/optima/vite/deps/chunk-J4L7LP2O.js?v=da363575:17652
[ 1548744ms] [WARNING] NG0955: The provided track expression resulted in duplicated keys for a given collection. Adjust the tracking expression such that it uniquely identifies all the items in the collection. Duplicated keys were: 
key "Power BI" at index "4" and "9". Find more at https://v21.angular.dev/errors/NG0955 @ http://localhost:4200/@fs/D:/Optima%20-%20Marca%20Angie/optima/.angular/cache/21.2.7/optima/vite/deps/chunk-J4L7LP2O.js?v=da363575:17652
[ 1556400ms] [WARNING] NG0955: The provided track expression resulted in duplicated keys for a given collection. Adjust the tracking expression such that it uniquely identifies all the items in the collection. Duplicated keys were: 
key "Power BI" at index "4" and "9". Find more at https://v21.angular.dev/errors/NG0955 @ http://localhost:4200/@fs/D:/Optima%20-%20Marca%20Angie/optima/.angular/cache/21.2.7/optima/vite/deps/chunk-J4L7LP2O.js?v=da363575:17652
[ 1556412ms] [WARNING] NG0955: The provided track expression resulted in duplicated keys for a given collection. Adjust the tracking expression such that it uniquely identifies all the items in the collection. Duplicated keys were: 
key "Power BI" at index "4" and "9". Find more at https://v21.angular.dev/errors/NG0955 @ http://localhost:4200/@fs/D:/Optima%20-%20Marca%20Angie/optima/.angular/cache/21.2.7/optima/vite/deps/chunk-J4L7LP2O.js?v=da363575:17652
